\BOOKMARK [1][-]{section.1}{\376\377\000C\000e\000l\000\040\000p\000r\000o\000j\000e\000k\000t\000u}{}% 1
\BOOKMARK [1][-]{section.2}{\376\377\000P\000o\000d\000s\000t\000a\000w\000y\000\040\000k\000r\000y\000p\000t\000o\000g\000r\000a\000f\000i\000i\000\040\000k\000l\000a\000s\000y\000c\000z\000n\000e\000j}{}% 2
\BOOKMARK [2][-]{subsection.2.1}{\376\377\000K\000r\000y\000p\000t\000o\000g\000r\000a\000f\000i\000a\000\040\000s\000y\000m\000e\000t\000r\000y\000c\000z\000n\000a}{section.2}% 3
\BOOKMARK [2][-]{subsection.2.2}{\376\377\000P\000r\000z\000y\000k\001\102\000a\000d\000y\000\040\000s\000z\000y\000f\000r\000\363\000w\000\040\000k\000l\000a\000s\000y\000c\000z\000n\000y\000c\000h}{section.2}% 4
\BOOKMARK [2][-]{subsection.2.3}{\376\377\000Z\000n\000a\000c\000z\000e\000n\000i\000e\000\040\000w\000\040\000e\000d\000u\000k\000a\000c\000j\000i}{section.2}% 5
\BOOKMARK [1][-]{section.3}{\376\377\000M\000i\000e\000j\000s\000c\000e\000\040\000s\000z\000y\000f\000r\000u\000\040\000C\000e\000z\000a\000r\000a}{}% 6
\BOOKMARK [1][-]{section.4}{\376\377\000T\000e\000c\000h\000n\000o\000l\000o\000g\000i\000e\000\040\000w\000y\000k\000o\000r\000z\000y\000s\000t\000a\000n\000e\000\040\000w\000\040\000p\000r\000o\000j\000e\000k\000c\000i\000e}{}% 7
\BOOKMARK [1][-]{section.5}{\376\377\000A\000r\000c\000h\000i\000t\000e\000k\000t\000u\000r\000a\000\040\000s\000y\000s\000t\000e\000m\000u}{}% 8
\BOOKMARK [2][-]{subsection.5.1}{\376\377\000W\000z\000o\000r\000z\000e\000c\000\040\000p\000r\000o\000j\000e\000k\000t\000o\000w\000y}{section.5}% 9
\BOOKMARK [2][-]{subsection.5.2}{\376\377\000K\000o\000m\000p\000o\000n\000e\000n\000t\000y\000\040\000g\001\102\000\363\000w\000n\000e}{section.5}% 10
\BOOKMARK [1][-]{section.6}{\376\377\000S\000t\000r\000u\000k\000t\000u\000r\000a\000\040\000p\000r\000o\000j\000e\000k\000t\000u}{}% 11
\BOOKMARK [1][-]{section.7}{\376\377\000I\000m\000p\000l\000e\000m\000e\000n\000t\000a\000c\000j\000a\000\040\000s\000z\000y\000f\000r\000u\000\040\000C\000e\000z\000a\000r\000a}{}% 12
\BOOKMARK [2][-]{subsection.7.1}{\376\377\000P\000o\000d\000s\000t\000a\000w\000y}{section.7}% 13
\BOOKMARK [2][-]{subsection.7.2}{\376\377\000M\000o\000d\000e\000l\000\040\000m\000a\000t\000e\000m\000a\000t\000y\000c\000z\000n\000y}{section.7}% 14
\BOOKMARK [2][-]{subsection.7.3}{\376\377\000C\000e\000c\000h\000y\000\040\000i\000m\000p\000l\000e\000m\000e\000n\000t\000a\000c\000j\000i}{section.7}% 15
\BOOKMARK [1][-]{section.8}{\376\377\000I\000m\000p\000l\000e\000m\000e\000n\000t\000a\000c\000j\000a\000\040\000s\000z\000y\000f\000r\000u\000\040\000V\000i\000g\000e\000n\000\350\000r\000e\000'\000a}{}% 16
\BOOKMARK [2][-]{subsection.8.1}{\376\377\000H\000i\000s\000t\000o\000r\000i\000a\000\040\000i\000\040\000z\000n\000a\000c\000z\000e\000n\000i\000e}{section.8}% 17
\BOOKMARK [2][-]{subsection.8.2}{\376\377\000P\000o\000d\000s\000t\000a\000w\000y}{section.8}% 18
\BOOKMARK [2][-]{subsection.8.3}{\376\377\000M\000o\000d\000e\000l\000\040\000m\000a\000t\000e\000m\000a\000t\000y\000c\000z\000n\000y}{section.8}% 19
\BOOKMARK [2][-]{subsection.8.4}{\376\377\000P\000r\000z\000y\000k\001\102\000a\000d\000\040\000d\000z\000i\000a\001\102\000a\000n\000i\000a}{section.8}% 20
\BOOKMARK [2][-]{subsection.8.5}{\376\377\000C\000e\000c\000h\000y\000\040\000i\000m\000p\000l\000e\000m\000e\000n\000t\000a\000c\000j\000i}{section.8}% 21
\BOOKMARK [1][-]{section.9}{\376\377\000I\000m\000p\000l\000e\000m\000e\000n\000t\000a\000c\000j\000a\000\040\000s\000z\000y\000f\000r\000u\000\040\000z\000\040\000k\000l\000u\000c\000z\000e\000m\000\040\000b\000i\000e\001\174\001\005\000c\000y\000m}{}% 22
\BOOKMARK [2][-]{subsection.9.1}{\376\377\000H\000i\000s\000t\000o\000r\000i\000a\000\040\000i\000\040\000z\000a\000s\000t\000o\000s\000o\000w\000a\000n\000i\000e}{section.9}% 23
\BOOKMARK [2][-]{subsection.9.2}{\376\377\000P\000o\000d\000s\000t\000a\000w\000y}{section.9}% 24
\BOOKMARK [2][-]{subsection.9.3}{\376\377\000M\000o\000d\000e\000l\000\040\000m\000a\000t\000e\000m\000a\000t\000y\000c\000z\000n\000y}{section.9}% 25
\BOOKMARK [2][-]{subsection.9.4}{\376\377\000C\000e\000c\000h\000y\000\040\000i\000m\000p\000l\000e\000m\000e\000n\000t\000a\000c\000j\000i}{section.9}% 26
\BOOKMARK [2][-]{subsection.9.5}{\376\377\000B\000e\000z\000p\000i\000e\000c\000z\000e\001\104\000s\000t\000w\000o}{section.9}% 27
\BOOKMARK [1][-]{section.10}{\376\377\000W\000y\000b\000r\000a\000n\000e\000\040\000f\000r\000a\000g\000m\000e\000n\000t\000y\000\040\000k\000o\000d\000u}{}% 28
\BOOKMARK [2][-]{subsection.10.1}{\376\377\000K\000l\000a\000s\000a\000\040\000b\000a\000z\000o\000w\000a\000\040\000a\000l\000g\000o\000r\000y\000t\000m\000u}{section.10}% 29
\BOOKMARK [2][-]{subsection.10.2}{\376\377\000I\000m\000p\000l\000e\000m\000e\000n\000t\000a\000c\000j\000a\000\040\000s\000z\000y\000f\000r\000u\000\040\000C\000e\000z\000a\000r\000a}{section.10}% 30
\BOOKMARK [2][-]{subsection.10.3}{\376\377\000I\000m\000p\000l\000e\000m\000e\000n\000t\000a\000c\000j\000a\000\040\000s\000z\000y\000f\000r\000u\000\040\000V\000i\000g\000e\000n\000\350\000r\000e\000'\000a}{section.10}% 31
\BOOKMARK [2][-]{subsection.10.4}{\376\377\000I\000m\000p\000l\000e\000m\000e\000n\000t\000a\000c\000j\000a\000\040\000s\000z\000y\000f\000r\000u\000\040\000z\000\040\000k\000l\000u\000c\000z\000e\000m\000\040\000b\000i\000e\001\174\001\005\000c\000y\000m}{section.10}% 32
\BOOKMARK [1][-]{section.11}{\376\377\000P\000o\000d\000s\000u\000m\000o\000w\000a\000n\000i\000e}{}% 33
\BOOKMARK [2][-]{subsection.11.1}{\376\377\000S\000z\000y\000f\000r\000\040\000C\000e\000z\000a\000r\000a}{section.11}% 34
\BOOKMARK [2][-]{subsection.11.2}{\376\377\000S\000z\000y\000f\000r\000\040\000V\000i\000g\000e\000n\000\350\000r\000e\000'\000a}{section.11}% 35
\BOOKMARK [2][-]{subsection.11.3}{\376\377\000S\000z\000y\000f\000r\000\040\000z\000\040\000k\000l\000u\000c\000z\000e\000m\000\040\000b\000i\000e\001\174\001\005\000c\000y\000m}{section.11}% 36
\BOOKMARK [1][-]{section.12}{\376\377\000C\000h\000a\000n\000g\000e\000l\000o\000g}{}% 37
